Removed Pin From Net: NetName=GND Pin=C14-1
Removed Pin From Net: NetName=button1 Pin=C14-2
Removed Pin From Net: NetName=GND Pin=P3-1
Removed Pin From Net: NetName=button1 Pin=P3-2
Removed Pin From Net: NetName=button1 Pin=S2-1
Removed Pin From Net: NetName=GND Pin=S2-2
Removed Member From Class: ClassName=ngoc_say Member=C14
Removed Member From Class: ClassName=ngoc_say Member=P3
Removed Member From Class: ClassName=ngoc_say Member=S2
Change component parameters: Designator = "R1" ("R1"); Footprint = "RES_0805"; UniqueID = "\XBWGSTIM" ("\XBWGSTIM")
Change component parameters (AddParameter): Name = "Case/Package"; Value = "0805"; VariantName = "[No Variations]"
Change component parameters (AddParameter): Name = "Manufacturer"; Value = "??á "; VariantName = "[No Variations]"
Change component parameters (AddParameter): Name = "Manufacturer Part Number"; Value = "RC0805FR-071KL"; VariantName = "[No Variations]"
Change component parameters (AddParameter): Name = "Supplier Part Number-1"; Value = "311-1.00KCRCT-ND"; VariantName = "[No Variations]"
Change component parameters (AddParameter): Name = "Supplier-1"; Value = "Digikey"; VariantName = "[No Variations]"
Change component parameters: Designator = "R8" ("R8"); Footprint = "RES_0805"; UniqueID = "\ASMFARSQ" ("\ASMFARSQ")
Change component parameters (AddParameter): Name = "Case/Package"; Value = "0805"; VariantName = "[No Variations]"
Change component parameters (AddParameter): Name = "Manufacturer"; Value = "??á "; VariantName = "[No Variations]"
Change component parameters (AddParameter): Name = "Manufacturer Part Number"; Value = "RC0805FR-071KL"; VariantName = "[No Variations]"
Change component parameters (AddParameter): Name = "Supplier Part Number-1"; Value = "311-1.00KCRCT-ND"; VariantName = "[No Variations]"
Change component parameters (AddParameter): Name = "Supplier-1"; Value = "Digikey"; VariantName = "[No Variations]"
Change component parameters: Designator = "R9" ("R9"); Footprint = "RES_0805"; UniqueID = "\NOFREBWA" ("\NOFREBWA")
Change component parameters (AddParameter): Name = "Case/Package"; Value = "0805"; VariantName = "[No Variations]"
Change component parameters (AddParameter): Name = "Manufacturer"; Value = "??á "; VariantName = "[No Variations]"
Change component parameters (AddParameter): Name = "Manufacturer Part Number"; Value = "RC0805FR-071KL"; VariantName = "[No Variations]"
Change component parameters (AddParameter): Name = "Supplier Part Number-1"; Value = "311-1.00KCRCT-ND"; VariantName = "[No Variations]"
Change component parameters (AddParameter): Name = "Supplier-1"; Value = "Digikey"; VariantName = "[No Variations]"
Change component parameters: Designator = "R12" ("R12"); Footprint = "RES_0805"; UniqueID = "\MYRLSWEM" ("\MYRLSWEM")
Change component parameters (AddParameter): Name = "Case/Package"; Value = "0805"; VariantName = "[No Variations]"
Change component parameters (AddParameter): Name = "Manufacturer"; Value = "??á "; VariantName = "[No Variations]"
Change component parameters (AddParameter): Name = "Manufacturer Part Number"; Value = "RC0805FR-071KL"; VariantName = "[No Variations]"
Change component parameters (AddParameter): Name = "Supplier Part Number-1"; Value = "311-1.00KCRCT-ND"; VariantName = "[No Variations]"
Change component parameters (AddParameter): Name = "Supplier-1"; Value = "Digikey"; VariantName = "[No Variations]"
Added Component: Designator=SW1(SW4)
Add component (AddParameter): Name = "Don_Vi"; Value = "Con"; VariantName = "[No Variations]"
Add component (AddParameter): Name = "Ghi Chu"; Value = ""; VariantName = "[No Variations]"
Add component (AddParameter): Name = "Kieu Chan"; Value = ""; VariantName = "[No Variations]"
Add component (AddParameter): Name = "Ma_Hang"; Value = "MH004077"; VariantName = "[No Variations]"
Add component (AddParameter): Name = "Value"; Value = "Nút Nh?n 4 Chân 6x6x9MM DIP"; VariantName = "[No Variations]"
Added Pin To Net: NetName=button1 Pin=SW1-1
Added Pin To Net: NetName=GND Pin=SW1-2
Added Pin To Net: NetName=button1 Pin=SW1-3
Added Pin To Net: NetName=GND Pin=SW1-4
Added Member To Class: ClassName=ngoc_say Member=Component SW1 Nut Nhan 4 Chan
Added Room: Name=ngoc_say
