Removed Pin From Net: NetName=F Pin=*-7
Removed Pin From Net: NetName=A Pin=*-8
Removed Pin From Net: NetName=G Pin=*-9
Removed Pin From Net: NetName=D Pin=*-10
Removed Pin From Net: NetName=E Pin=*-11
Removed Pin From Net: NetName=C Pin=*-12
Removed Pin From Net: NetName=B Pin=*-13
Change Component Designator: OldDesignator=  NewDesignator=D1
Change Component Description : Designator=R1 Old Description=1 kOhms ±1% 0.125W, 1/8W Chip Resistor 0805 (2012 Metric) Moisture Resistant Thick Film New Description= 1 kOhms ±1% 0.125W, 1/8W Chip Resistor 0805 (2012 Metric) Moisture Resistant Thick Film
Change Component Description : Designator=R8 Old Description=1 kOhms ±1% 0.125W, 1/8W Chip Resistor 0805 (2012 Metric) Moisture Resistant Thick Film New Description= 1 kOhms ±1% 0.125W, 1/8W Chip Resistor 0805 (2012 Metric) Moisture Resistant Thick Film
Change Component Description : Designator=R9 Old Description=1 kOhms ±1% 0.125W, 1/8W Chip Resistor 0805 (2012 Metric) Moisture Resistant Thick Film New Description= 1 kOhms ±1% 0.125W, 1/8W Chip Resistor 0805 (2012 Metric) Moisture Resistant Thick Film
Change Component Description : Designator=R12 Old Description=1 kOhms ±1% 0.125W, 1/8W Chip Resistor 0805 (2012 Metric) Moisture Resistant Thick Film New Description= 1 kOhms ±1% 0.125W, 1/8W Chip Resistor 0805 (2012 Metric) Moisture Resistant Thick Film
Change component parameters: Designator = "R1" ("R1"); Footprint = "RES_0805"; UniqueID = "\XBWGSTIM" ("\XBWGSTIM")
Change component parameters (AddParameter): Name = "Case/Package"; Value = "0805"; VariantName = "[No Variations]"
Change component parameters (AddParameter): Name = "Manufacturer"; Value = "??á "; VariantName = "[No Variations]"
Change component parameters (AddParameter): Name = "Manufacturer Part Number"; Value = "RC0805FR-071KL"; VariantName = "[No Variations]"
Change component parameters (AddParameter): Name = "Supplier Part Number-1"; Value = "311-1.00KCRCT-ND"; VariantName = "[No Variations]"
Change component parameters (AddParameter): Name = "Supplier-1"; Value = "Digikey"; VariantName = "[No Variations]"
Change component parameters: Designator = "R8" ("R8"); Footprint = "RES_0805"; UniqueID = "\ASMFARSQ" ("\ASMFARSQ")
Change component parameters (AddParameter): Name = "Case/Package"; Value = "0805"; VariantName = "[No Variations]"
Change component parameters (AddParameter): Name = "Manufacturer"; Value = "??á "; VariantName = "[No Variations]"
Change component parameters (AddParameter): Name = "Manufacturer Part Number"; Value = "RC0805FR-071KL"; VariantName = "[No Variations]"
Change component parameters (AddParameter): Name = "Supplier Part Number-1"; Value = "311-1.00KCRCT-ND"; VariantName = "[No Variations]"
Change component parameters (AddParameter): Name = "Supplier-1"; Value = "Digikey"; VariantName = "[No Variations]"
Change component parameters: Designator = "R9" ("R9"); Footprint = "RES_0805"; UniqueID = "\NOFREBWA" ("\NOFREBWA")
Change component parameters (AddParameter): Name = "Case/Package"; Value = "0805"; VariantName = "[No Variations]"
Change component parameters (AddParameter): Name = "Manufacturer"; Value = "??á "; VariantName = "[No Variations]"
Change component parameters (AddParameter): Name = "Manufacturer Part Number"; Value = "RC0805FR-071KL"; VariantName = "[No Variations]"
Change component parameters (AddParameter): Name = "Supplier Part Number-1"; Value = "311-1.00KCRCT-ND"; VariantName = "[No Variations]"
Change component parameters (AddParameter): Name = "Supplier-1"; Value = "Digikey"; VariantName = "[No Variations]"
Change component parameters: Designator = "R12" ("R12"); Footprint = "RES_0805"; UniqueID = "\MYRLSWEM" ("\MYRLSWEM")
Change component parameters (AddParameter): Name = "Case/Package"; Value = "0805"; VariantName = "[No Variations]"
Change component parameters (AddParameter): Name = "Manufacturer"; Value = "??á "; VariantName = "[No Variations]"
Change component parameters (AddParameter): Name = "Manufacturer Part Number"; Value = "RC0805FR-071KL"; VariantName = "[No Variations]"
Change component parameters (AddParameter): Name = "Supplier Part Number-1"; Value = "311-1.00KCRCT-ND"; VariantName = "[No Variations]"
Change component parameters (AddParameter): Name = "Supplier-1"; Value = "Digikey"; VariantName = "[No Variations]"
Added Pin To Net: NetName=D Pin=*-7
Added Pin To Net: NetName=F Pin=*-8
Added Pin To Net: NetName=E Pin=*-9
Added Pin To Net: NetName=A Pin=*-10
Added Pin To Net: NetName=C Pin=*-11
Added Pin To Net: NetName=B Pin=*-12
Added Pin To Net: NetName=G Pin=*-13
Added Member To Class: ClassName=ngoc_say Member=Component D1 Led
Added Room: Name=ngoc_say
