Removed Pin From Net: NetName=GND Pin=C2-1
Removed Pin From Net: NetName=3.3V Pin=C2-2
Removed Pin From Net: NetName=GND Pin=C5-1
Removed Pin From Net: NetName=3.3V Pin=C5-2
Removed Pin From Net: NetName=GND Pin=C6-1
Removed Pin From Net: NetName=3.3V Pin=C11-1
Removed Pin From Net: NetName=GND Pin=C15-1
Removed Pin From Net: NetName=GND Pin=C16-1
Removed Pin From Net: NetName=Vin Pin=D4-2
Removed Pin From Net: NetName=3.3V Pin=L1-2
Removed Pin From Net: NetName=Vin Pin=LM1-1
Removed Pin From Net: NetName=NetD3_2 Pin=LM1-2
Removed Pin From Net: NetName=GND Pin=LM1-3
Removed Pin From Net: NetName=3.3V Pin=LM1-4
Removed Pin From Net: NetName=GND Pin=LM1-5
Removed Pin From Net: NetName=GND Pin=LM1-6
Removed Pin From Net: NetName=3.3V Pin=P1-4
Removed Pin From Net: NetName=3.3V Pin=P3-3
Removed Pin From Net: NetName=GND Pin=P5-1
Removed Pin From Net: NetName=3.3V Pin=P5-3
Removed Pin From Net: NetName=GND Pin=P7-1
Removed Pin From Net: NetName=3.3V Pin=P7-3
Removed Pin From Net: NetName=GND Pin=R2-2
Removed Pin From Net: NetName=GND Pin=R3-1
Removed Pin From Net: NetName=Vin Pin=R7-1
Removed Pin From Net: NetName=G Pin=R12-2
Removed Pin From Net: NetName=F Pin=R13-2
Removed Pin From Net: NetName=E Pin=R14-2
Removed Pin From Net: NetName=D Pin=R15-2
Removed Pin From Net: NetName=C Pin=R16-2
Removed Pin From Net: NetName=B Pin=R17-2
Removed Pin From Net: NetName=A Pin=R18-2
Removed Pin From Net: NetName=Vin Pin=RL1-5
Removed Pin From Net: NetName=GND Pin=S4-2
Removed Pin From Net: NetName=NRST Pin=U1-7
Removed Pin From Net: NetName=GND Pin=U1-8
Removed Pin From Net: NetName=3.3V Pin=U1-9
Removed Pin From Net: NetName=PWM Pin=U1-10
Removed Pin From Net: NetName=button1 Pin=U1-17
Removed Pin From Net: NetName=GND Pin=U1-23
Removed Pin From Net: NetName=3.3V Pin=U1-24
Removed Pin From Net: NetName=seg2 Pin=U1-25
Removed Pin From Net: NetName=F Pin=U1-26
Removed Pin From Net: NetName=A Pin=U1-27
Removed Pin From Net: NetName=G Pin=U1-28
Removed Pin From Net: NetName=D Pin=U1-29
Removed Pin From Net: NetName=E Pin=U1-30
Removed Pin From Net: NetName=C Pin=U1-31
Removed Pin From Net: NetName=B Pin=U1-32
Removed Pin From Net: NetName=seg1 Pin=U1-33
Removed Pin From Net: NetName=GND Pin=U1-35
Removed Pin From Net: NetName=3.3V Pin=U1-36
Removed Pin From Net: NetName=relay Pin=U1-43
Removed Pin From Net: NetName=GND Pin=U1-47
Removed Pin From Net: NetName=3.3V Pin=U1-48
Removed Member From Class: ClassName=ngoc_say Member=C2
Removed Member From Class: ClassName=ngoc_say Member=C5
Removed Member From Class: ClassName=ngoc_say Member=C6
Removed Member From Class: ClassName=ngoc_say Member=C15
Removed Member From Class: ClassName=ngoc_say Member=C16
Removed Member From Class: ClassName=ngoc_say Member=LM1
Removed Member From Class: ClassName=ngoc_say Member=P7
Removed Member From Class: ClassName=ngoc_say Member=R3
Removed Member From Class: ClassName=ngoc_say Member=R13
Removed Member From Class: ClassName=ngoc_say Member=R14
Removed Member From Class: ClassName=ngoc_say Member=R15
Removed Member From Class: ClassName=ngoc_say Member=R16
Removed Member From Class: ClassName=ngoc_say Member=R17
Removed Member From Class: ClassName=ngoc_say Member=R18
Removed Member From Class: ClassName=ngoc_say Member=S4
Removed Member From Class: ClassName=ngoc_say Member=U1
Removed Member From Class: ClassName=ngoc_say Member=Y1
Change Component Footprint: Designator=P3 Old Footprint=HDR/Header/3/BOX New Footprint=HDR/Header/2/BOX
Change Component Footprint: Designator=P5 Old Footprint=HDR/Header/3/BOX New Footprint=HDR/Header/2/BOX
Change Component Footprint: Designator=P1 Old Footprint=HDR/Header/4/2mm New Footprint=HDR/Header/3/BOX
Change Component Footprint: Designator=R12 Old Footprint=tro smd 0603 New Footprint=RES_0805
Change Component Comment : Designator=C1 Old Comment=22pF New Comment=1uF
Change Component Comment : Designator=R12 Old Comment=100R New Comment=1K
Change Component Comment : Designator=P3 Old Comment=control1 New Comment=Header 2
Change Component Comment : Designator=P5 Old Comment=control2 New Comment=led UVC
Change Component Comment : Designator=P1 Old Comment=load New Comment=UART download
Change component parameters: Designator = "R1" ("R1"); Footprint = "RES_0805"; UniqueID = "\XBWGSTIM" ("\XBWGSTIM")
Change component parameters (AddParameter): Name = "Case/Package"; Value = "0805"; VariantName = "[No Variations]"
Change component parameters (AddParameter): Name = "Manufacturer"; Value = "??á "; VariantName = "[No Variations]"
Change component parameters (AddParameter): Name = "Manufacturer Part Number"; Value = "RC0805FR-071KL"; VariantName = "[No Variations]"
Change component parameters (AddParameter): Name = "Supplier Part Number-1"; Value = "311-1.00KCRCT-ND"; VariantName = "[No Variations]"
Change component parameters (AddParameter): Name = "Supplier-1"; Value = "Digikey"; VariantName = "[No Variations]"
Change component parameters: Designator = "R8" ("R8"); Footprint = "RES_0805"; UniqueID = "\ASMFARSQ" ("\ASMFARSQ")
Change component parameters (AddParameter): Name = "Case/Package"; Value = "0805"; VariantName = "[No Variations]"
Change component parameters (AddParameter): Name = "Manufacturer"; Value = "??á "; VariantName = "[No Variations]"
Change component parameters (AddParameter): Name = "Manufacturer Part Number"; Value = "RC0805FR-071KL"; VariantName = "[No Variations]"
Change component parameters (AddParameter): Name = "Supplier Part Number-1"; Value = "311-1.00KCRCT-ND"; VariantName = "[No Variations]"
Change component parameters (AddParameter): Name = "Supplier-1"; Value = "Digikey"; VariantName = "[No Variations]"
Change component parameters: Designator = "R9" ("R9"); Footprint = "RES_0805"; UniqueID = "\NOFREBWA" ("\NOFREBWA")
Change component parameters (AddParameter): Name = "Case/Package"; Value = "0805"; VariantName = "[No Variations]"
Change component parameters (AddParameter): Name = "Manufacturer"; Value = "??á "; VariantName = "[No Variations]"
Change component parameters (AddParameter): Name = "Manufacturer Part Number"; Value = "RC0805FR-071KL"; VariantName = "[No Variations]"
Change component parameters (AddParameter): Name = "Supplier Part Number-1"; Value = "311-1.00KCRCT-ND"; VariantName = "[No Variations]"
Change component parameters (AddParameter): Name = "Supplier-1"; Value = "Digikey"; VariantName = "[No Variations]"
Change component parameters: Designator = "RL1" ("RL1"); Footprint = "RELAY5PIN-10A"; UniqueID = "\ZIYEPETA" ("\ZIYEPETA")
Change component parameters (AddParameter): Name = "Value"; Value = "Relay 5V - 10A"; VariantName = "[No Variations]"
Change component parameters: Designator = "C1" ("C1"); Footprint = "CAP_0805"; UniqueID = "\ITJGCIFO" ("\ITJGCIFO")
Change component parameters (AddParameter): Name = "Case/Package"; Value = "0805 (2012 Metric)"; VariantName = "[No Variations]"
Change component parameters (AddParameter): Name = "Manufacturer"; Value = "Yageo"; VariantName = "[No Variations]"
Change component parameters (AddParameter): Name = "Manufacturing Part Number"; Value = "CC0805JKX7R9BB105"; VariantName = "[No Variations]"
Change component parameters (AddParameter): Name = "Supplier Part Number-1"; Value = "311-3498-1-ND"; VariantName = "[No Variations]"
Change component parameters (AddParameter): Name = "Supplier-1"; Value = "Digikey"; VariantName = "[No Variations]"
Change component parameters: Designator = "R12" ("R12"); Footprint = "tro smd 0603"; UniqueID = "\MYRLSWEM" ("\MYRLSWEM")
Change component parameters (AddParameter): Name = "Case/Package"; Value = "0805"; VariantName = "[No Variations]"
Change component parameters (AddParameter): Name = "Manufacturer"; Value = "??á "; VariantName = "[No Variations]"
Change component parameters (AddParameter): Name = "Manufacturer Part Number"; Value = "RC0805FR-071KL"; VariantName = "[No Variations]"
Change component parameters (AddParameter): Name = "Supplier Part Number-1"; Value = "311-1.00KCRCT-ND"; VariantName = "[No Variations]"
Change component parameters (AddParameter): Name = "Supplier-1"; Value = "Digikey"; VariantName = "[No Variations]"
Added Component: Designator=*(ESP32-WROOM-32D)
Added Component: Designator=1(R 0805)
Add component (AddParameter): Name = "BRAND"; Value = ""; VariantName = "[No Variations]"
Add component (AddParameter): Name = "PACKAGE"; Value = ""; VariantName = "[No Variations]"
Add component (AddParameter): Name = "PART NO"; Value = ""; VariantName = "[No Variations]"
Add component (AddParameter): Name = "STOCK CODE"; Value = ""; VariantName = "[No Variations]"
Add component (AddParameter): Name = "SUPPLIER"; Value = ""; VariantName = "[No Variations]"
Add component (AddParameter): Name = "TYPE"; Value = ""; VariantName = "[No Variations]"
Added Component: Designator=2(R 0805)
Add component (AddParameter): Name = "BRAND"; Value = ""; VariantName = "[No Variations]"
Add component (AddParameter): Name = "PACKAGE"; Value = ""; VariantName = "[No Variations]"
Add component (AddParameter): Name = "PART NO"; Value = ""; VariantName = "[No Variations]"
Add component (AddParameter): Name = "STOCK CODE"; Value = ""; VariantName = "[No Variations]"
Add component (AddParameter): Name = "SUPPLIER"; Value = ""; VariantName = "[No Variations]"
Add component (AddParameter): Name = "TYPE"; Value = ""; VariantName = "[No Variations]"
Added Component: Designator=3(R 0805)
Add component (AddParameter): Name = "BRAND"; Value = ""; VariantName = "[No Variations]"
Add component (AddParameter): Name = "PACKAGE"; Value = ""; VariantName = "[No Variations]"
Add component (AddParameter): Name = "PART NO"; Value = ""; VariantName = "[No Variations]"
Add component (AddParameter): Name = "STOCK CODE"; Value = ""; VariantName = "[No Variations]"
Add component (AddParameter): Name = "SUPPLIER"; Value = ""; VariantName = "[No Variations]"
Add component (AddParameter): Name = "TYPE"; Value = ""; VariantName = "[No Variations]"
Added Component: Designator=4(R 0805)
Add component (AddParameter): Name = "BRAND"; Value = ""; VariantName = "[No Variations]"
Add component (AddParameter): Name = "PACKAGE"; Value = ""; VariantName = "[No Variations]"
Add component (AddParameter): Name = "PART NO"; Value = ""; VariantName = "[No Variations]"
Add component (AddParameter): Name = "STOCK CODE"; Value = ""; VariantName = "[No Variations]"
Add component (AddParameter): Name = "SUPPLIER"; Value = ""; VariantName = "[No Variations]"
Add component (AddParameter): Name = "TYPE"; Value = ""; VariantName = "[No Variations]"
Added Component: Designator=5(R 0805)
Add component (AddParameter): Name = "BRAND"; Value = ""; VariantName = "[No Variations]"
Add component (AddParameter): Name = "PACKAGE"; Value = ""; VariantName = "[No Variations]"
Add component (AddParameter): Name = "PART NO"; Value = ""; VariantName = "[No Variations]"
Add component (AddParameter): Name = "STOCK CODE"; Value = ""; VariantName = "[No Variations]"
Add component (AddParameter): Name = "SUPPLIER"; Value = ""; VariantName = "[No Variations]"
Add component (AddParameter): Name = "TYPE"; Value = ""; VariantName = "[No Variations]"
Added Component: Designator=6(R 0805)
Add component (AddParameter): Name = "BRAND"; Value = ""; VariantName = "[No Variations]"
Add component (AddParameter): Name = "PACKAGE"; Value = ""; VariantName = "[No Variations]"
Add component (AddParameter): Name = "PART NO"; Value = ""; VariantName = "[No Variations]"
Add component (AddParameter): Name = "STOCK CODE"; Value = ""; VariantName = "[No Variations]"
Add component (AddParameter): Name = "SUPPLIER"; Value = ""; VariantName = "[No Variations]"
Add component (AddParameter): Name = "TYPE"; Value = ""; VariantName = "[No Variations]"
Added Component: Designator=7(R 0805)
Add component (AddParameter): Name = "BRAND"; Value = ""; VariantName = "[No Variations]"
Add component (AddParameter): Name = "PACKAGE"; Value = ""; VariantName = "[No Variations]"
Add component (AddParameter): Name = "PART NO"; Value = ""; VariantName = "[No Variations]"
Add component (AddParameter): Name = "STOCK CODE"; Value = ""; VariantName = "[No Variations]"
Add component (AddParameter): Name = "SUPPLIER"; Value = ""; VariantName = "[No Variations]"
Add component (AddParameter): Name = "TYPE"; Value = ""; VariantName = "[No Variations]"
Added Component: Designator=8(R 0805)
Add component (AddParameter): Name = "BRAND"; Value = ""; VariantName = "[No Variations]"
Add component (AddParameter): Name = "PACKAGE"; Value = ""; VariantName = "[No Variations]"
Add component (AddParameter): Name = "PART NO"; Value = ""; VariantName = "[No Variations]"
Add component (AddParameter): Name = "STOCK CODE"; Value = ""; VariantName = "[No Variations]"
Add component (AddParameter): Name = "SUPPLIER"; Value = ""; VariantName = "[No Variations]"
Add component (AddParameter): Name = "TYPE"; Value = ""; VariantName = "[No Variations]"
Added Component: Designator=AMS1(SOT223)
Add component (AddParameter): Name = "Chung_Loai"; Value = "Dán"; VariantName = "[No Variations]"
Add component (AddParameter): Name = "Don_Vi"; Value = "Con"; VariantName = "[No Variations]"
Add component (AddParameter): Name = "Ghi_Chu"; Value = ""; VariantName = "[No Variations]"
Add component (AddParameter): Name = "Kieu_Chan"; Value = ""; VariantName = "[No Variations]"
Add component (AddParameter): Name = "Ma_Hang"; Value = "MH000596"; VariantName = "[No Variations]"
Add component (AddParameter): Name = "Value"; Value = "AMS1117-3.3V SOT223"; VariantName = "[No Variations]"
Added Component: Designator=C7(Tu 0805)
Add component (AddParameter): Name = "Chung_Loai"; Value = "Dán"; VariantName = "[No Variations]"
Add component (AddParameter): Name = "Don_Vi"; Value = "Con"; VariantName = "[No Variations]"
Add component (AddParameter): Name = "Ghi_Chu"; Value = ""; VariantName = "[No Variations]"
Add component (AddParameter): Name = "Kieu_Chan"; Value = ""; VariantName = "[No Variations]"
Add component (AddParameter): Name = "Ma_Hang"; Value = "MH004551"; VariantName = "[No Variations]"
Add component (AddParameter): Name = "Ten_Linh_Kien"; Value = "T? 0805 104-100nF 10% 50V"; VariantName = "[No Variations]"
Added Component: Designator=C8(Tu 0805)
Add component (AddParameter): Name = "Chung_Loai"; Value = "Dán"; VariantName = "[No Variations]"
Add component (AddParameter): Name = "Don_Vi"; Value = "Con"; VariantName = "[No Variations]"
Add component (AddParameter): Name = "Ghi_Chu"; Value = ""; VariantName = "[No Variations]"
Add component (AddParameter): Name = "Kieu_Chan"; Value = ""; VariantName = "[No Variations]"
Add component (AddParameter): Name = "Ma_Hang"; Value = "MH004551"; VariantName = "[No Variations]"
Add component (AddParameter): Name = "Ten_Linh_Kien"; Value = "T? 0805 104-100nF 10% 50V"; VariantName = "[No Variations]"
Added Component: Designator=D2(LED 5MM - RED)
Add component (AddParameter): Name = "BRAND"; Value = ""; VariantName = "[No Variations]"
Add component (AddParameter): Name = "PACKAGE"; Value = ""; VariantName = "[No Variations]"
Add component (AddParameter): Name = "PART NO"; Value = ""; VariantName = "[No Variations]"
Add component (AddParameter): Name = "STOCK CODE"; Value = ""; VariantName = "[No Variations]"
Add component (AddParameter): Name = "SUPPLIER"; Value = ""; VariantName = "[No Variations]"
Add component (AddParameter): Name = "TYPE"; Value = ""; VariantName = "[No Variations]"
Added Component: Designator=Q7(SOT23B)
Add component (AddParameter): Name = "Chung_Loai"; Value = "Dán"; VariantName = "[No Variations]"
Add component (AddParameter): Name = "Don_Vi"; Value = "Con"; VariantName = "[No Variations]"
Add component (AddParameter): Name = "Ghi_Chu"; Value = ""; VariantName = "[No Variations]"
Add component (AddParameter): Name = "Kieu_Chan"; Value = ""; VariantName = "[No Variations]"
Add component (AddParameter): Name = "Ma_Hang"; Value = "MH000946"; VariantName = "[No Variations]"
Add component (AddParameter): Name = "Ten_Linh_Kien"; Value = "C1815 SOT23 TRANS NPN 0.15A 50V (SMD-HF)"; VariantName = "[No Variations]"
Added Component: Designator=U3(TO263-5)
Add component (AddParameter): Name = "Chung_Loai"; Value = "Dán"; VariantName = "[No Variations]"
Add component (AddParameter): Name = "Don_Vi"; Value = "Con"; VariantName = "[No Variations]"
Add component (AddParameter): Name = "Ghi_Chu"; Value = ""; VariantName = "[No Variations]"
Add component (AddParameter): Name = "Kieu_Chan"; Value = ""; VariantName = "[No Variations]"
Add component (AddParameter): Name = "Ma_Hang"; Value = "MH002362"; VariantName = "[No Variations]"
Add component (AddParameter): Name = "Ten_Linh_Kien"; Value = "LM2576HVS-5.0V BUCK 5V 3A TO263-5"; VariantName = "[No Variations]"
Added Pin To Net: NetName=GND Pin=*-1
Added Pin To Net: NetName=3.3V Pin=*-2
Added Pin To Net: NetName=NRST Pin=*-3
Added Pin To Net: NetName=seg1 Pin=*-6
Added Pin To Net: NetName=seg2 Pin=*-7
Added Pin To Net: NetName=A Pin=*-8
Added Pin To Net: NetName=B Pin=*-9
Added Pin To Net: NetName=C Pin=*-10
Added Pin To Net: NetName=D Pin=*-11
Added Pin To Net: NetName=E Pin=*-12
Added Pin To Net: NetName=E Pin=*-13
Added Pin To Net: NetName=F Pin=*-14
Added Pin To Net: NetName=GND Pin=*-15
Added Pin To Net: NetName=G Pin=*-16
Added Pin To Net: NetName=button1 Pin=*-30
Added Pin To Net: NetName=PWM Pin=*-31
Added Pin To Net: NetName=relay Pin=*-37
Added Pin To Net: NetName=GND Pin=*-38
Added Pin To Net: NetName=GND Pin=1-2
Added Pin To Net: NetName=G Pin=2-2
Added Pin To Net: NetName=F Pin=3-2
Added Pin To Net: NetName=E Pin=4-2
Added Pin To Net: NetName=D Pin=5-2
Added Pin To Net: NetName=C Pin=6-2
Added Pin To Net: NetName=B Pin=7-2
Added Pin To Net: NetName=A Pin=8-2
Added Pin To Net: NetName=GND Pin=AMS1-1
Added Pin To Net: NetName=3.3V Pin=AMS1-2
Added Pin To Net: NetName=3.3V Pin=AMS1-4
Added Pin To Net: NetName=GND Pin=C7-1
Added Pin To Net: NetName=GND Pin=C8-1
Added Pin To Net: NetName=3.3V Pin=C8-2
Added Pin To Net: NetName=GND Pin=P5-2
Added Pin To Net: NetName=3.3V Pin=R2-2
Added Pin To Net: NetName=Vin Pin=U3-1
Added Pin To Net: NetName=NetD3_2 Pin=U3-2
Added Pin To Net: NetName=GND Pin=U3-3
Added Pin To Net: NetName=GND Pin=U3-5
Added Pin To Net: NetName=GND Pin=U3-6
Added Pin To Net: NetName=5V Pin=AMS1-3
Added Pin To Net: NetName=5V Pin=C7-2
Added Pin To Net: NetName=5V Pin=C11-1
Added Pin To Net: NetName=5V Pin=D4-2
Added Pin To Net: NetName=5V Pin=L1-2
Added Pin To Net: NetName=5V Pin=Q7-2
Added Pin To Net: NetName=5V Pin=R7-1
Added Pin To Net: NetName=5V Pin=RL1-5
Added Pin To Net: NetName=5V Pin=U3-4
Added Net: Name=5V
Added Pin To Net: NetName=BOOT Pin=*-25
Added Pin To Net: NetName=BOOT Pin=C1-2
Added Pin To Net: NetName=BOOT Pin=R2-1
Added Pin To Net: NetName=BOOT Pin=S3-1
Added Net: Name=BOOT
Added Pin To Net: NetName=led5mm Pin=*-36
Added Pin To Net: NetName=led5mm Pin=D2-1
Added Net: Name=led5mm
Added Pin To Net: NetName=ledUV Pin=*-28
Added Pin To Net: NetName=ledUV Pin=R12-2
Added Net: Name=ledUV
Added Pin To Net: NetName=Net1_1 Pin=1-1
Added Pin To Net: NetName=Net1_1 Pin=D2-2
Added Net: Name=Net1_1
Added Pin To Net: NetName=Net2_1 Pin=2-1
Added Pin To Net: NetName=Net2_1 Pin=L2-1
Added Net: Name=Net2_1
Added Pin To Net: NetName=Net3_1 Pin=3-1
Added Pin To Net: NetName=Net3_1 Pin=L2-4
Added Net: Name=Net3_1
Added Pin To Net: NetName=Net4_1 Pin=4-1
Added Pin To Net: NetName=Net4_1 Pin=L2-7
Added Net: Name=Net4_1
Added Pin To Net: NetName=Net5_1 Pin=5-1
Added Pin To Net: NetName=Net5_1 Pin=L2-6
Added Net: Name=Net5_1
Added Pin To Net: NetName=Net6_1 Pin=6-1
Added Pin To Net: NetName=Net6_1 Pin=L2-8
Added Net: Name=Net6_1
Added Pin To Net: NetName=Net7_1 Pin=7-1
Added Pin To Net: NetName=Net7_1 Pin=L2-9
Added Net: Name=Net7_1
Added Pin To Net: NetName=Net8_1 Pin=8-1
Added Pin To Net: NetName=Net8_1 Pin=L2-3
Added Net: Name=Net8_1
Added Pin To Net: NetName=NetP5_1 Pin=P5-1
Added Pin To Net: NetName=NetP5_1 Pin=Q7-3
Added Net: Name=NetP5_1
Added Pin To Net: NetName=NetQ7_1 Pin=Q7-1
Added Pin To Net: NetName=NetQ7_1 Pin=R12-1
Added Net: Name=NetQ7_1
Added Pin To Net: NetName=RXD Pin=*-34
Added Pin To Net: NetName=RXD Pin=P1-2
Added Net: Name=RXD
Added Pin To Net: NetName=TXD Pin=*-35
Added Pin To Net: NetName=TXD Pin=P1-3
Added Net: Name=TXD
Added Member To Class: ClassName=ngoc_say Member=Component * ESP32 WROOM 32
Added Member To Class: ClassName=ngoc_say Member=Component 1 220R
Added Member To Class: ClassName=ngoc_say Member=Component 2 220R
Added Member To Class: ClassName=ngoc_say Member=Component 3 220R
Added Member To Class: ClassName=ngoc_say Member=Component 4 220R
Added Member To Class: ClassName=ngoc_say Member=Component 5 220R
Added Member To Class: ClassName=ngoc_say Member=Component 6 220R
Added Member To Class: ClassName=ngoc_say Member=Component 7 220R
Added Member To Class: ClassName=ngoc_say Member=Component 8 220R
Added Member To Class: ClassName=ngoc_say Member=Component AMS1 AMS1117-3.3V
Added Member To Class: ClassName=ngoc_say Member=Component C7 104
Added Member To Class: ClassName=ngoc_say Member=Component C8 104
Added Member To Class: ClassName=ngoc_say Member=Component D2 Led
Added Member To Class: ClassName=ngoc_say Member=Component Q7 C1815
Added Member To Class: ClassName=ngoc_say Member=Component U3 LM2576HVS 5.0V SMD
Added Room: Name=ngoc_say
