Removed Pin From Net: NetName=GND Pin=C14-1
Removed Pin From Net: NetName=button1 Pin=C14-2
Removed Pin From Net: NetName=GND Pin=P3-1
Removed Pin From Net: NetName=button1 Pin=P3-2
Removed Pin From Net: NetName=button1 Pin=S2-1
Removed Pin From Net: NetName=GND Pin=S2-2
Change component parameters: Designator = "R1" ("R1"); Footprint = "RES_0805"; UniqueID = "\XBWGSTIM" ("\XBWGSTIM")
Change component parameters (AddParameter): Name = "Case/Package"; Value = "0805"; VariantName = "[No Variations]"
Change component parameters (AddParameter): Name = "Manufacturer"; Value = "??á "; VariantName = "[No Variations]"
Change component parameters (AddParameter): Name = "Manufacturer Part Number"; Value = "RC0805FR-071KL"; VariantName = "[No Variations]"
Change component parameters (AddParameter): Name = "Supplier Part Number-1"; Value = "311-1.00KCRCT-ND"; VariantName = "[No Variations]"
Change component parameters (AddParameter): Name = "Supplier-1"; Value = "Digikey"; VariantName = "[No Variations]"
Change component parameters: Designator = "R8" ("R8"); Footprint = "RES_0805"; UniqueID = "\ASMFARSQ" ("\ASMFARSQ")
Change component parameters (AddParameter): Name = "Case/Package"; Value = "0805"; VariantName = "[No Variations]"
Change component parameters (AddParameter): Name = "Manufacturer"; Value = "??á "; VariantName = "[No Variations]"
Change component parameters (AddParameter): Name = "Manufacturer Part Number"; Value = "RC0805FR-071KL"; VariantName = "[No Variations]"
Change component parameters (AddParameter): Name = "Supplier Part Number-1"; Value = "311-1.00KCRCT-ND"; VariantName = "[No Variations]"
Change component parameters (AddParameter): Name = "Supplier-1"; Value = "Digikey"; VariantName = "[No Variations]"
Change component parameters: Designator = "R9" ("R9"); Footprint = "RES_0805"; UniqueID = "\NOFREBWA" ("\NOFREBWA")
Change component parameters (AddParameter): Name = "Case/Package"; Value = "0805"; VariantName = "[No Variations]"
Change component parameters (AddParameter): Name = "Manufacturer"; Value = "??á "; VariantName = "[No Variations]"
Change component parameters (AddParameter): Name = "Manufacturer Part Number"; Value = "RC0805FR-071KL"; VariantName = "[No Variations]"
Change component parameters (AddParameter): Name = "Supplier Part Number-1"; Value = "311-1.00KCRCT-ND"; VariantName = "[No Variations]"
Change component parameters (AddParameter): Name = "Supplier-1"; Value = "Digikey"; VariantName = "[No Variations]"
Change component parameters: Designator = "R12" ("R12"); Footprint = "RES_0805"; UniqueID = "\MYRLSWEM" ("\MYRLSWEM")
Change component parameters (AddParameter): Name = "Case/Package"; Value = "0805"; VariantName = "[No Variations]"
Change component parameters (AddParameter): Name = "Manufacturer"; Value = "??á "; VariantName = "[No Variations]"
Change component parameters (AddParameter): Name = "Manufacturer Part Number"; Value = "RC0805FR-071KL"; VariantName = "[No Variations]"
Change component parameters (AddParameter): Name = "Supplier Part Number-1"; Value = "311-1.00KCRCT-ND"; VariantName = "[No Variations]"
Change component parameters (AddParameter): Name = "Supplier-1"; Value = "Digikey"; VariantName = "[No Variations]"
Added Component: Designator=SW1(SW4)
Add component (AddParameter): Name = "Don_Vi"; Value = "Con"; VariantName = "[No Variations]"
Add component (AddParameter): Name = "Ghi Chu"; Value = ""; VariantName = "[No Variations]"
Add component (AddParameter): Name = "Kieu Chan"; Value = ""; VariantName = "[No Variations]"
Add component (AddParameter): Name = "Ma_Hang"; Value = "MH004077"; VariantName = "[No Variations]"
Add component (AddParameter): Name = "Value"; Value = "Nút Nh?n 4 Chân 6x6x9MM DIP"; VariantName = "[No Variations]"
Added Pin To Net: NetName=button1 Pin=SW1-1
Added Pin To Net: NetName=GND Pin=SW1-2
Added Pin To Net: NetName=button1 Pin=SW1-3
Added Pin To Net: NetName=GND Pin=SW1-4
Added Member To Class: ClassName=ngoc_say Member=Component * ESP32 WROOM 32
Added Member To Class: ClassName=ngoc_say Member=Component 1 220R
Added Member To Class: ClassName=ngoc_say Member=Component 2 220R
Added Member To Class: ClassName=ngoc_say Member=Component 3 220R
Added Member To Class: ClassName=ngoc_say Member=Component 4 220R
Added Member To Class: ClassName=ngoc_say Member=Component 5 220R
Added Member To Class: ClassName=ngoc_say Member=Component 6 220R
Added Member To Class: ClassName=ngoc_say Member=Component 7 220R
Added Member To Class: ClassName=ngoc_say Member=Component 8 220R
Added Member To Class: ClassName=ngoc_say Member=Component 9 330R
Added Member To Class: ClassName=ngoc_say Member=Component 10 330R
Added Member To Class: ClassName=ngoc_say Member=Component 11 330R
Added Member To Class: ClassName=ngoc_say Member=Component 12 330R
Added Member To Class: ClassName=ngoc_say Member=Component AMS1 AMS1117-3.3V
Added Member To Class: ClassName=ngoc_say Member=Component C1 1uF
Added Member To Class: ClassName=ngoc_say Member=Component C2 1000uF
Added Member To Class: ClassName=ngoc_say Member=Component C3 104
Added Member To Class: ClassName=ngoc_say Member=Component C4 104
Added Member To Class: ClassName=ngoc_say Member=Component C5 1000uF
Added Member To Class: ClassName=ngoc_say Member=Component C7 104
Added Member To Class: ClassName=ngoc_say Member=Component C8 104
Added Member To Class: ClassName=ngoc_say Member=Component C9 1uF
Added Member To Class: ClassName=ngoc_say Member=Component D1 Led
Added Member To Class: ClassName=ngoc_say Member=Component D2 Led
Added Member To Class: ClassName=ngoc_say Member=Component D3 ss34
Added Member To Class: ClassName=ngoc_say Member=Component D4 M7
Added Member To Class: ClassName=ngoc_say Member=Component L1 220uH 3A
Added Member To Class: ClassName=ngoc_say Member=Component L2 LED 7 Thanh
Added Member To Class: ClassName=ngoc_say Member=Component P1 downcode
Added Member To Class: ClassName=ngoc_say Member=Component P2 power
Added Member To Class: ClassName=ngoc_say Member=Component P4 heat
Added Member To Class: ClassName=ngoc_say Member=Component P5 led UVC
Added Member To Class: ClassName=ngoc_say Member=Component P6 motor
Added Member To Class: ClassName=ngoc_say Member=Component P7 MAX98357
Added Member To Class: ClassName=ngoc_say Member=Component Q1 Mosfet P
Added Member To Class: ClassName=ngoc_say Member=Component Q2 2n2222
Added Member To Class: ClassName=ngoc_say Member=Component Q3 C1815
Added Member To Class: ClassName=ngoc_say Member=Component Q4 A 1015
Added Member To Class: ClassName=ngoc_say Member=Component Q5 A 1015
Added Member To Class: ClassName=ngoc_say Member=Component Q6 A 1015
Added Member To Class: ClassName=ngoc_say Member=Component Q7 C1815
Added Member To Class: ClassName=ngoc_say Member=Component Q8 A 1015
Added Member To Class: ClassName=ngoc_say Member=Component R1 1K
Added Member To Class: ClassName=ngoc_say Member=Component R2 10K
Added Member To Class: ClassName=ngoc_say Member=Component R5 10K
Added Member To Class: ClassName=ngoc_say Member=Component R6 10K
Added Member To Class: ClassName=ngoc_say Member=Component R7 10K
Added Member To Class: ClassName=ngoc_say Member=Component R8 1K
Added Member To Class: ClassName=ngoc_say Member=Component R9 1K
Added Member To Class: ClassName=ngoc_say Member=Component R12 1K
Added Member To Class: ClassName=ngoc_say Member=Component RL1 MH
Added Member To Class: ClassName=ngoc_say Member=Component S1 MH001036
Added Member To Class: ClassName=ngoc_say Member=Component S3 MH001036
Added Member To Class: ClassName=ngoc_say Member=Component SW1 Nut Nhan 4 Chan
Added Member To Class: ClassName=ngoc_say Member=Component U2 OPTO PC817 SMD
Added Member To Class: ClassName=ngoc_say Member=Component U3 LM2576HVS 5.0V SMD
Added Room: Name=ngoc_say
