Change Component Footprint: Designator=* Old Footprint=ESP32-WROOM-32D New Footprint=ESP32-WROOM-32
Change component parameters: Designator = "R1" ("R1"); Footprint = "RES_0805"; UniqueID = "\XBWGSTIM" ("\XBWGSTIM")
Change component parameters (AddParameter): Name = "Case/Package"; Value = "0805"; VariantName = "[No Variations]"
Change component parameters (AddParameter): Name = "Manufacturer"; Value = "??á "; VariantName = "[No Variations]"
Change component parameters (AddParameter): Name = "Manufacturer Part Number"; Value = "RC0805FR-071KL"; VariantName = "[No Variations]"
Change component parameters (AddParameter): Name = "Supplier Part Number-1"; Value = "311-1.00KCRCT-ND"; VariantName = "[No Variations]"
Change component parameters (AddParameter): Name = "Supplier-1"; Value = "Digikey"; VariantName = "[No Variations]"
Change component parameters: Designator = "R8" ("R8"); Footprint = "RES_0805"; UniqueID = "\ASMFARSQ" ("\ASMFARSQ")
Change component parameters (AddParameter): Name = "Case/Package"; Value = "0805"; VariantName = "[No Variations]"
Change component parameters (AddParameter): Name = "Manufacturer"; Value = "??á "; VariantName = "[No Variations]"
Change component parameters (AddParameter): Name = "Manufacturer Part Number"; Value = "RC0805FR-071KL"; VariantName = "[No Variations]"
Change component parameters (AddParameter): Name = "Supplier Part Number-1"; Value = "311-1.00KCRCT-ND"; VariantName = "[No Variations]"
Change component parameters (AddParameter): Name = "Supplier-1"; Value = "Digikey"; VariantName = "[No Variations]"
Change component parameters: Designator = "R9" ("R9"); Footprint = "RES_0805"; UniqueID = "\NOFREBWA" ("\NOFREBWA")
Change component parameters (AddParameter): Name = "Case/Package"; Value = "0805"; VariantName = "[No Variations]"
Change component parameters (AddParameter): Name = "Manufacturer"; Value = "??á "; VariantName = "[No Variations]"
Change component parameters (AddParameter): Name = "Manufacturer Part Number"; Value = "RC0805FR-071KL"; VariantName = "[No Variations]"
Change component parameters (AddParameter): Name = "Supplier Part Number-1"; Value = "311-1.00KCRCT-ND"; VariantName = "[No Variations]"
Change component parameters (AddParameter): Name = "Supplier-1"; Value = "Digikey"; VariantName = "[No Variations]"
Change component parameters: Designator = "R12" ("R12"); Footprint = "RES_0805"; UniqueID = "\MYRLSWEM" ("\MYRLSWEM")
Change component parameters (AddParameter): Name = "Case/Package"; Value = "0805"; VariantName = "[No Variations]"
Change component parameters (AddParameter): Name = "Manufacturer"; Value = "??á "; VariantName = "[No Variations]"
Change component parameters (AddParameter): Name = "Manufacturer Part Number"; Value = "RC0805FR-071KL"; VariantName = "[No Variations]"
Change component parameters (AddParameter): Name = "Supplier Part Number-1"; Value = "311-1.00KCRCT-ND"; VariantName = "[No Variations]"
Change component parameters (AddParameter): Name = "Supplier-1"; Value = "Digikey"; VariantName = "[No Variations]"
